vitamio/build/intermediates/manifest_merge_blame_file/debug/manifest-merger-blame-debug-report.txt
1<?xml version="1.0" encoding="utf-8"?>
2<manifest xmlns:android="http://schemas.android.com/apk/res/android"
3    package="io.vov.vitamio"
4    android:versionCode="400"
5    android:versionName="4.0" >
6
7    <uses-sdk
7-->MyLiveDemp\vitamio\AndroidManifest.xml:6:5-46
8        android:minSdkVersion="15"
8-->MyLiveDemp\vitamio\AndroidManifest.xml:6:5-46
9        android:targetSdkVersion="21" />
9-->MyLiveDemp\vitamio\AndroidManifest.xml:6:15-44
10
11    <uses-permission android:name="android.permission.WAKE_LOCK" />
11-->MyLiveDemp\vitamio\AndroidManifest.xml:8:5-68
11-->MyLiveDemp\vitamio\AndroidManifest.xml:8:22-65
12    <uses-permission android:name="android.permission.INTERNET" />
12-->MyLiveDemp\vitamio\AndroidManifest.xml:9:5-67
12-->MyLiveDemp\vitamio\AndroidManifest.xml:9:22-64
13    <uses-permission android:name="android.permission.ACCESS_NETWORK_STATE" />
13-->MyLiveDemp\vitamio\AndroidManifest.xml:10:5-79
13-->MyLiveDemp\vitamio\AndroidManifest.xml:10:22-76
14
15    <application>
15-->MyLiveDemp\vitamio\AndroidManifest.xml:12:5-19:19
16        <activity
16-->MyLiveDemp\vitamio\AndroidManifest.xml:13:9-18:66
17            android:name="io.vov.vitamio.activity.InitActivity"
17-->MyLiveDemp\vitamio\AndroidManifest.xml:14:17-68
18            android:configChanges="orientation|screenSize|smallestScreenSize|keyboard|keyboardHidden|navigation"
18-->MyLiveDemp\vitamio\AndroidManifest.xml:15:17-117
19            android:launchMode="singleTop"
19-->MyLiveDemp\vitamio\AndroidManifest.xml:16:17-47
20            android:theme="@android:style/Theme.NoTitleBar"
20-->MyLiveDemp\vitamio\AndroidManifest.xml:17:17-64
21            android:windowSoftInputMode="stateAlwaysHidden" />
21-->MyLiveDemp\vitamio\AndroidManifest.xml:18:17-64
22    </application>
23
24</manifest>